2017-04-26 11:39:33,430 INFO  [main] com.sap.jpaas.infrastructure.console.ConsoleLogger: Arguments:   -h hanatrial.ondemand.com -a s0017140910trial -b cockpit -u s0017140910 -s PurchasingPlanCockpit.war
2017-04-26 11:39:34,273 INFO  [main] com.sap.jpaas.infrastructure.console.ConsoleLogger: Starting execution of command [deploy]
2017-04-26 11:39:34,276 ERROR [main] com.sap.jpaas.infrastructure.console.version.VersionUtilities: There is no config file: C:\Users\ana.costeira\Downloads\PurchasingPlanCockpit\.\..\sdk.version
java.io.FileNotFoundException: C:\Users\ana.costeira\Downloads\PurchasingPlanCockpit\.\..\sdk.version (The system cannot find the file specified)
	at java.io.FileInputStream.open0(Native Method)
	at java.io.FileInputStream.open(FileInputStream.java:195)
	at java.io.FileInputStream.<init>(FileInputStream.java:138)
	at com.sap.jpaas.infrastructure.console.version.VersionUtilities.readSDKVersionProperties(VersionUtilities.java:52)
	at com.sap.jpaas.infrastructure.console.version.VersionUtilities.<clinit>(VersionUtilities.java:42)
	at com.sap.jpaas.infrastructure.console.VersionValidityCheckProvider.<init>(VersionValidityCheckProvider.java:40)
	at com.sap.jpaas.infrastructure.console.command.UnsecuredRemoteCommand.blockingOptimizedCheck(UnsecuredRemoteCommand.java:126)
	at com.sap.jpaas.infrastructure.console.command.UnsecuredRemoteCommand.performVersionValidityCheck(UnsecuredRemoteCommand.java:76)
	at com.sap.jpaas.infrastructure.console.command.UnsecuredRemoteCommand.initWithHostOnlyCheck(UnsecuredRemoteCommand.java:69)
	at com.sap.jpaas.infrastructure.console.command.RemoteCommand.initWithNoPasswordCheck(RemoteCommand.java:46)
	at com.sap.core.deploy.client.cmd.commands.DeployConsoleCommand.init(DeployConsoleCommand.java:23)
	at com.sap.core.deploy.client.cmd.commands.DeployRemoteCommand.init(DeployRemoteCommand.java:30)
	at com.sap.core.deploy.client.cmd.commands.DeployApplicationCommand.init(DeployApplicationCommand.java:24)
	at com.sap.jpaas.infrastructure.console.CommandManager.run(CommandManager.java:171)
	at com.sap.jpaas.infrastructure.console.CommandManager.run(CommandManager.java:144)
	at com.sap.jpaas.infrastructure.console.ConsoleClient.executeCommand(ConsoleClient.java:238)
	at com.sap.jpaas.infrastructure.console.ConsoleClient.run(ConsoleClient.java:183)
	at com.sap.jpaas.infrastructure.console.ConsoleClient.main(ConsoleClient.java:79)
2017-04-26 11:39:34,283 ERROR [main] com.sap.jpaas.infrastructure.console.version.VersionUtilities: The runtime type [unknown] or version [unknown] are not correct.
java.lang.IllegalArgumentException: invalid version "unknown": non-numeric "unknown"
	at com.sap.core.utils.sdk.status.Version.parseInt(Version.java:95)
	at com.sap.core.utils.sdk.status.Version.<init>(Version.java:71)
	at com.sap.jpaas.infrastructure.console.version.VersionUtilities.parseRuntime(VersionUtilities.java:148)
	at com.sap.jpaas.infrastructure.console.VersionValidityCheckProvider.<init>(VersionValidityCheckProvider.java:41)
	at com.sap.jpaas.infrastructure.console.command.UnsecuredRemoteCommand.blockingOptimizedCheck(UnsecuredRemoteCommand.java:126)
	at com.sap.jpaas.infrastructure.console.command.UnsecuredRemoteCommand.performVersionValidityCheck(UnsecuredRemoteCommand.java:76)
	at com.sap.jpaas.infrastructure.console.command.UnsecuredRemoteCommand.initWithHostOnlyCheck(UnsecuredRemoteCommand.java:69)
	at com.sap.jpaas.infrastructure.console.command.RemoteCommand.initWithNoPasswordCheck(RemoteCommand.java:46)
	at com.sap.core.deploy.client.cmd.commands.DeployConsoleCommand.init(DeployConsoleCommand.java:23)
	at com.sap.core.deploy.client.cmd.commands.DeployRemoteCommand.init(DeployRemoteCommand.java:30)
	at com.sap.core.deploy.client.cmd.commands.DeployApplicationCommand.init(DeployApplicationCommand.java:24)
	at com.sap.jpaas.infrastructure.console.CommandManager.run(CommandManager.java:171)
	at com.sap.jpaas.infrastructure.console.CommandManager.run(CommandManager.java:144)
	at com.sap.jpaas.infrastructure.console.ConsoleClient.executeCommand(ConsoleClient.java:238)
	at com.sap.jpaas.infrastructure.console.ConsoleClient.run(ConsoleClient.java:183)
	at com.sap.jpaas.infrastructure.console.ConsoleClient.main(ConsoleClient.java:79)
Caused by: java.lang.NumberFormatException: For input string: "unknown"
	at java.lang.NumberFormatException.forInputString(NumberFormatException.java:65)
	at java.lang.Integer.parseInt(Integer.java:580)
	at java.lang.Integer.parseInt(Integer.java:615)
	at com.sap.core.utils.sdk.status.Version.parseInt(Version.java:93)
	... 15 more
2017-04-26 11:39:34,286 ERROR [pool-2-thread-1] com.sap.jpaas.infrastructure.console.ConsoleLogger: There was a problem obtaining version or runtime status of your SDK and the status cannot be defined
2017-04-26 11:39:34,287 INFO  [main] com.sap.jpaas.infrastructure.console.ConsoleLogger: Command [deploy] init() finished for [13] ms
2017-04-26 11:39:51,114 INFO  [main] com.sap.core.deploy.client.cmd.helpers.DeployHelper: Deployment started for [s0017140910trial/cockpit/web] with descriptor [Descriptor{attributes={perm_storage_mode=none, perm_storage_local_path=permanent_storage, update_sites=PurchasingPlanCockpit.war, iu_version=0.0.0, perm_storage_size=10, elasticity.data={"minVmCount":1,"maxVmCount":1}, jpaas_services=["all"]}, services=null, containerType=3}]
2017-04-26 11:39:51,119 INFO  [main] com.sap.core.deploy.client.impl.DeployFeedbackHelper: Deploy started
2017-04-26 11:39:51,119 INFO  [main] com.sap.core.deploy.client.impl.DeployerImpl: Starting deployment of application [s0017140910trial/cockpit]
2017-04-26 11:39:51,506 INFO  [main] com.sap.core.deploy.client.publicrest.impl.DeployClient: Deploy with delta option [false]
2017-04-26 11:39:51,514 INFO  [main] com.sap.core.deploy.client.publicrest.impl.BasicClient: NOTE: csrfToken init >> Wed Apr 26 11:39:51 BST 2017
2017-04-26 11:39:52,048 INFO  [main] com.sap.core.deploy.client.publicrest.impl.BasicClient: csrfToken = [C4941162B469022EE9666D9A27F2BFA1]
2017-04-26 11:39:52,154 ERROR [main] com.sap.core.deploy.client.impl.requests.BasicRequest: Exception occured: {"code":"b93cabf0-4757-4039-9e6f-6213a2f6db9e","description":"Application cockpit does not exist. Please create it"}
2017-04-26 11:39:52,157 INFO  [main] com.sap.core.deploy.commons.log.StringFormatLoggerWrapper: UpdateApplication request failed with response code 404 and error message [Application cockpit does not exist. Please create it]. The application s0017140910trial/cockpit may not exist (see NGPBUG-16650). Will re-attempt deployment with CreateApplication request
2017-04-26 11:39:52,423 INFO  [main] com.sap.core.deploy.commons.log.StringFormatLoggerWrapper: Retry request executed successfully
2017-04-26 11:39:52,439 INFO  [main] com.sap.core.deploy.client.impl.DeployFeedbackHelper: Upload started
2017-04-26 11:39:52,441 INFO  [main] com.sap.core.deploy.client.impl.DeployFeedbackHelper: Upload progressed. Percents: 7
2017-04-26 11:39:52,442 INFO  [main] com.sap.core.deploy.client.impl.DeployFeedbackHelper: Upload progressed. Percents: 14
2017-04-26 11:39:52,444 INFO  [main] com.sap.core.deploy.client.impl.DeployFeedbackHelper: Upload progressed. Percents: 21
2017-04-26 11:39:52,445 INFO  [main] com.sap.core.deploy.client.impl.DeployFeedbackHelper: Upload progressed. Percents: 28
2017-04-26 11:39:52,446 INFO  [main] com.sap.core.deploy.client.impl.DeployFeedbackHelper: Upload progressed. Percents: 35
2017-04-26 11:39:52,447 INFO  [main] com.sap.core.deploy.client.impl.DeployFeedbackHelper: Upload progressed. Percents: 42
2017-04-26 11:39:52,448 INFO  [main] com.sap.core.deploy.client.impl.DeployFeedbackHelper: Upload progressed. Percents: 50
2017-04-26 11:39:52,449 INFO  [main] com.sap.core.deploy.client.impl.DeployFeedbackHelper: Upload progressed. Percents: 57
2017-04-26 11:39:52,449 INFO  [main] com.sap.core.deploy.client.impl.DeployFeedbackHelper: Upload progressed. Percents: 64
2017-04-26 11:39:52,450 INFO  [main] com.sap.core.deploy.client.impl.DeployFeedbackHelper: Upload progressed. Percents: 71
2017-04-26 11:39:52,450 INFO  [main] com.sap.core.deploy.client.impl.DeployFeedbackHelper: Upload progressed. Percents: 78
2017-04-26 11:39:52,451 INFO  [main] com.sap.core.deploy.client.impl.DeployFeedbackHelper: Upload progressed. Percents: 85
2017-04-26 11:39:52,452 INFO  [main] com.sap.core.deploy.client.impl.DeployFeedbackHelper: Upload progressed. Percents: 92
2017-04-26 11:39:52,453 INFO  [main] com.sap.core.deploy.client.impl.DeployFeedbackHelper: Upload progressed. Percents: 99
2017-04-26 11:39:52,453 INFO  [main] com.sap.core.deploy.client.impl.DeployFeedbackHelper: Upload progressed. Percents: 100
2017-04-26 11:39:52,748 INFO  [main] com.sap.core.deploy.client.impl.DeployFeedbackHelper: Upload finished. Details: Uploaded 57.8 KB in 0.3 s Speed: 187 KB/s
2017-04-26 11:39:52,751 INFO  [main] com.sap.core.deploy.client.impl.DeployFeedbackHelper: Processing started
2017-04-26 11:39:59,013 INFO  [main] com.sap.core.deploy.client.impl.DeployFeedbackHelper: Processing finished. Details: Processing completed in 6.2 s
2017-04-26 11:39:59,016 INFO  [main] com.sap.core.deploy.client.impl.DeployFeedbackHelper: Deploy finished. Success: true
2017-04-26 11:39:59,017 INFO  [main] com.sap.core.deploy.client.impl.DeployerImpl: Deployment operation of application [s0017140910trial/cockpit] finished for [7898] ms
2017-04-26 11:39:59,039 INFO  [main] com.sap.core.deploy.client.cmd.helpers.DeployHelper: Deployment completed successfully
2017-04-26 11:39:59,039 INFO  [main] com.sap.jpaas.infrastructure.console.ConsoleLogger: Command [deploy] run() finished for [24752] ms
2017-04-26 11:39:59,040 INFO  [main] com.sap.jpaas.infrastructure.console.ConsoleLogger: Command [deploy] cleanup() finished for [1] ms
2017-04-26 11:39:59,041 INFO  [main] com.sap.jpaas.infrastructure.console.ConsoleLogger: Command [deploy] finished successfully for [24767] ms
