2017-04-26 11:31:49,017 INFO  [main] com.sap.jpaas.infrastructure.console.ConsoleLogger: Arguments:   -h hanatrial.ondemand.com -a s0017140910trial -b cockpit -u s0017140910 -s PurchasingPlanCockpit.war
2017-04-26 11:31:49,848 INFO  [main] com.sap.jpaas.infrastructure.console.ConsoleLogger: Starting execution of command [deploy]
2017-04-26 11:31:49,850 ERROR [main] com.sap.jpaas.infrastructure.console.version.VersionUtilities: There is no config file: C:\Users\ana.costeira\Downloads\PurchasingPlanCockpit\.\..\sdk.version
java.io.FileNotFoundException: C:\Users\ana.costeira\Downloads\PurchasingPlanCockpit\.\..\sdk.version (The system cannot find the file specified)
	at java.io.FileInputStream.open0(Native Method)
	at java.io.FileInputStream.open(FileInputStream.java:195)
	at java.io.FileInputStream.<init>(FileInputStream.java:138)
	at com.sap.jpaas.infrastructure.console.version.VersionUtilities.readSDKVersionProperties(VersionUtilities.java:52)
	at com.sap.jpaas.infrastructure.console.version.VersionUtilities.<clinit>(VersionUtilities.java:42)
	at com.sap.jpaas.infrastructure.console.VersionValidityCheckProvider.<init>(VersionValidityCheckProvider.java:40)
	at com.sap.jpaas.infrastructure.console.command.UnsecuredRemoteCommand.blockingOptimizedCheck(UnsecuredRemoteCommand.java:126)
	at com.sap.jpaas.infrastructure.console.command.UnsecuredRemoteCommand.performVersionValidityCheck(UnsecuredRemoteCommand.java:76)
	at com.sap.jpaas.infrastructure.console.command.UnsecuredRemoteCommand.initWithHostOnlyCheck(UnsecuredRemoteCommand.java:69)
	at com.sap.jpaas.infrastructure.console.command.RemoteCommand.initWithNoPasswordCheck(RemoteCommand.java:46)
	at com.sap.core.deploy.client.cmd.commands.DeployConsoleCommand.init(DeployConsoleCommand.java:23)
	at com.sap.core.deploy.client.cmd.commands.DeployRemoteCommand.init(DeployRemoteCommand.java:30)
	at com.sap.core.deploy.client.cmd.commands.DeployApplicationCommand.init(DeployApplicationCommand.java:24)
	at com.sap.jpaas.infrastructure.console.CommandManager.run(CommandManager.java:171)
	at com.sap.jpaas.infrastructure.console.CommandManager.run(CommandManager.java:144)
	at com.sap.jpaas.infrastructure.console.ConsoleClient.executeCommand(ConsoleClient.java:238)
	at com.sap.jpaas.infrastructure.console.ConsoleClient.run(ConsoleClient.java:183)
	at com.sap.jpaas.infrastructure.console.ConsoleClient.main(ConsoleClient.java:79)
2017-04-26 11:31:49,858 ERROR [main] com.sap.jpaas.infrastructure.console.version.VersionUtilities: The runtime type [unknown] or version [unknown] are not correct.
java.lang.IllegalArgumentException: invalid version "unknown": non-numeric "unknown"
	at com.sap.core.utils.sdk.status.Version.parseInt(Version.java:95)
	at com.sap.core.utils.sdk.status.Version.<init>(Version.java:71)
	at com.sap.jpaas.infrastructure.console.version.VersionUtilities.parseRuntime(VersionUtilities.java:148)
	at com.sap.jpaas.infrastructure.console.VersionValidityCheckProvider.<init>(VersionValidityCheckProvider.java:41)
	at com.sap.jpaas.infrastructure.console.command.UnsecuredRemoteCommand.blockingOptimizedCheck(UnsecuredRemoteCommand.java:126)
	at com.sap.jpaas.infrastructure.console.command.UnsecuredRemoteCommand.performVersionValidityCheck(UnsecuredRemoteCommand.java:76)
	at com.sap.jpaas.infrastructure.console.command.UnsecuredRemoteCommand.initWithHostOnlyCheck(UnsecuredRemoteCommand.java:69)
	at com.sap.jpaas.infrastructure.console.command.RemoteCommand.initWithNoPasswordCheck(RemoteCommand.java:46)
	at com.sap.core.deploy.client.cmd.commands.DeployConsoleCommand.init(DeployConsoleCommand.java:23)
	at com.sap.core.deploy.client.cmd.commands.DeployRemoteCommand.init(DeployRemoteCommand.java:30)
	at com.sap.core.deploy.client.cmd.commands.DeployApplicationCommand.init(DeployApplicationCommand.java:24)
	at com.sap.jpaas.infrastructure.console.CommandManager.run(CommandManager.java:171)
	at com.sap.jpaas.infrastructure.console.CommandManager.run(CommandManager.java:144)
	at com.sap.jpaas.infrastructure.console.ConsoleClient.executeCommand(ConsoleClient.java:238)
	at com.sap.jpaas.infrastructure.console.ConsoleClient.run(ConsoleClient.java:183)
	at com.sap.jpaas.infrastructure.console.ConsoleClient.main(ConsoleClient.java:79)
Caused by: java.lang.NumberFormatException: For input string: "unknown"
	at java.lang.NumberFormatException.forInputString(NumberFormatException.java:65)
	at java.lang.Integer.parseInt(Integer.java:580)
	at java.lang.Integer.parseInt(Integer.java:615)
	at com.sap.core.utils.sdk.status.Version.parseInt(Version.java:93)
	... 15 more
2017-04-26 11:31:49,861 ERROR [pool-2-thread-1] com.sap.jpaas.infrastructure.console.ConsoleLogger: There was a problem obtaining version or runtime status of your SDK and the status cannot be defined
2017-04-26 11:31:49,862 INFO  [main] com.sap.jpaas.infrastructure.console.ConsoleLogger: Command [deploy] init() finished for [14] ms
2017-04-26 11:32:06,334 INFO  [main] com.sap.core.deploy.client.cmd.helpers.DeployHelper: Deployment started for [s0017140910trial/cockpit/web] with descriptor [Descriptor{attributes={perm_storage_mode=none, perm_storage_local_path=permanent_storage, update_sites=PurchasingPlanCockpit.war, iu_version=0.0.0, perm_storage_size=10, elasticity.data={"minVmCount":1,"maxVmCount":1}, jpaas_services=["all"]}, services=null, containerType=3}]
2017-04-26 11:32:06,339 INFO  [main] com.sap.core.deploy.client.impl.DeployFeedbackHelper: Deploy started
2017-04-26 11:32:06,339 INFO  [main] com.sap.core.deploy.client.impl.DeployerImpl: Starting deployment of application [s0017140910trial/cockpit]
2017-04-26 11:32:06,740 INFO  [main] com.sap.core.deploy.client.publicrest.impl.DeployClient: Deploy with delta option [false]
2017-04-26 11:32:06,752 INFO  [main] com.sap.core.deploy.client.publicrest.impl.BasicClient: NOTE: csrfToken init >> Wed Apr 26 11:32:06 BST 2017
2017-04-26 11:32:07,271 INFO  [main] com.sap.core.deploy.client.publicrest.impl.BasicClient: csrfToken = [382954B6D0EE71E557B6E11B98647437]
2017-04-26 11:32:07,515 ERROR [main] com.sap.core.deploy.client.impl.requests.BasicRequest: Exception occured: {"code":"cc443a99-3e10-48fd-8790-5d98fc217ebd","description":"Application cockpit does not exist. Please create it"}
2017-04-26 11:32:07,517 INFO  [main] com.sap.core.deploy.commons.log.StringFormatLoggerWrapper: UpdateApplication request failed with response code 404 and error message [Application cockpit does not exist. Please create it]. The application s0017140910trial/cockpit may not exist (see NGPBUG-16650). Will re-attempt deployment with CreateApplication request
2017-04-26 11:32:07,916 INFO  [main] com.sap.core.deploy.commons.log.StringFormatLoggerWrapper: Retry request executed successfully
2017-04-26 11:32:07,931 INFO  [main] com.sap.core.deploy.client.impl.DeployFeedbackHelper: Upload started
2017-04-26 11:32:07,934 INFO  [main] com.sap.core.deploy.client.impl.DeployFeedbackHelper: Upload progressed. Percents: 7
2017-04-26 11:32:07,935 INFO  [main] com.sap.core.deploy.client.impl.DeployFeedbackHelper: Upload progressed. Percents: 14
2017-04-26 11:32:07,936 INFO  [main] com.sap.core.deploy.client.impl.DeployFeedbackHelper: Upload progressed. Percents: 21
2017-04-26 11:32:07,937 INFO  [main] com.sap.core.deploy.client.impl.DeployFeedbackHelper: Upload progressed. Percents: 28
2017-04-26 11:32:07,938 INFO  [main] com.sap.core.deploy.client.impl.DeployFeedbackHelper: Upload progressed. Percents: 35
2017-04-26 11:32:07,939 INFO  [main] com.sap.core.deploy.client.impl.DeployFeedbackHelper: Upload progressed. Percents: 42
2017-04-26 11:32:07,940 INFO  [main] com.sap.core.deploy.client.impl.DeployFeedbackHelper: Upload progressed. Percents: 50
2017-04-26 11:32:07,940 INFO  [main] com.sap.core.deploy.client.impl.DeployFeedbackHelper: Upload progressed. Percents: 57
2017-04-26 11:32:07,941 INFO  [main] com.sap.core.deploy.client.impl.DeployFeedbackHelper: Upload progressed. Percents: 64
2017-04-26 11:32:07,942 INFO  [main] com.sap.core.deploy.client.impl.DeployFeedbackHelper: Upload progressed. Percents: 71
2017-04-26 11:32:07,942 INFO  [main] com.sap.core.deploy.client.impl.DeployFeedbackHelper: Upload progressed. Percents: 78
2017-04-26 11:32:07,943 INFO  [main] com.sap.core.deploy.client.impl.DeployFeedbackHelper: Upload progressed. Percents: 85
2017-04-26 11:32:07,944 INFO  [main] com.sap.core.deploy.client.impl.DeployFeedbackHelper: Upload progressed. Percents: 92
2017-04-26 11:32:07,945 INFO  [main] com.sap.core.deploy.client.impl.DeployFeedbackHelper: Upload progressed. Percents: 99
2017-04-26 11:32:07,945 INFO  [main] com.sap.core.deploy.client.impl.DeployFeedbackHelper: Upload progressed. Percents: 100
2017-04-26 11:32:08,244 INFO  [main] com.sap.core.deploy.client.impl.DeployFeedbackHelper: Upload finished. Details: Uploaded 57.8 KB in 0.3 s Speed: 185 KB/s
2017-04-26 11:32:08,249 INFO  [main] com.sap.core.deploy.client.impl.DeployFeedbackHelper: Processing started
2017-04-26 11:32:14,521 INFO  [main] com.sap.core.deploy.client.impl.DeployFeedbackHelper: Processing finished. Details: Processing completed in 6.2 s
2017-04-26 11:32:14,525 INFO  [main] com.sap.core.deploy.client.impl.DeployFeedbackHelper: Deploy finished. Success: true
2017-04-26 11:32:14,525 INFO  [main] com.sap.core.deploy.client.impl.DeployerImpl: Deployment operation of application [s0017140910trial/cockpit] finished for [8187] ms
2017-04-26 11:32:14,563 INFO  [main] com.sap.core.deploy.client.cmd.helpers.DeployHelper: Deployment completed successfully
2017-04-26 11:32:14,563 INFO  [main] com.sap.jpaas.infrastructure.console.ConsoleLogger: Command [deploy] run() finished for [24701] ms
2017-04-26 11:32:14,565 INFO  [main] com.sap.jpaas.infrastructure.console.ConsoleLogger: Command [deploy] cleanup() finished for [1] ms
2017-04-26 11:32:14,566 INFO  [main] com.sap.jpaas.infrastructure.console.ConsoleLogger: Command [deploy] finished successfully for [24718] ms
