2017-04-26 11:30:52,908 INFO  [main] com.sap.jpaas.infrastructure.console.ConsoleLogger: Arguments:   -h hanatrial.ondemand.com -a s0017140910tria -b cockpit -u s0017140910 -s PurchasingPlanCockpit.war
2017-04-26 11:30:53,744 INFO  [main] com.sap.jpaas.infrastructure.console.ConsoleLogger: Starting execution of command [deploy]
2017-04-26 11:30:53,746 ERROR [main] com.sap.jpaas.infrastructure.console.version.VersionUtilities: There is no config file: C:\Users\ana.costeira\Downloads\PurchasingPlanCockpit\.\..\sdk.version
java.io.FileNotFoundException: C:\Users\ana.costeira\Downloads\PurchasingPlanCockpit\.\..\sdk.version (The system cannot find the file specified)
	at java.io.FileInputStream.open0(Native Method)
	at java.io.FileInputStream.open(FileInputStream.java:195)
	at java.io.FileInputStream.<init>(FileInputStream.java:138)
	at com.sap.jpaas.infrastructure.console.version.VersionUtilities.readSDKVersionProperties(VersionUtilities.java:52)
	at com.sap.jpaas.infrastructure.console.version.VersionUtilities.<clinit>(VersionUtilities.java:42)
	at com.sap.jpaas.infrastructure.console.VersionValidityCheckProvider.<init>(VersionValidityCheckProvider.java:40)
	at com.sap.jpaas.infrastructure.console.command.UnsecuredRemoteCommand.blockingOptimizedCheck(UnsecuredRemoteCommand.java:126)
	at com.sap.jpaas.infrastructure.console.command.UnsecuredRemoteCommand.performVersionValidityCheck(UnsecuredRemoteCommand.java:76)
	at com.sap.jpaas.infrastructure.console.command.UnsecuredRemoteCommand.initWithHostOnlyCheck(UnsecuredRemoteCommand.java:69)
	at com.sap.jpaas.infrastructure.console.command.RemoteCommand.initWithNoPasswordCheck(RemoteCommand.java:46)
	at com.sap.core.deploy.client.cmd.commands.DeployConsoleCommand.init(DeployConsoleCommand.java:23)
	at com.sap.core.deploy.client.cmd.commands.DeployRemoteCommand.init(DeployRemoteCommand.java:30)
	at com.sap.core.deploy.client.cmd.commands.DeployApplicationCommand.init(DeployApplicationCommand.java:24)
	at com.sap.jpaas.infrastructure.console.CommandManager.run(CommandManager.java:171)
	at com.sap.jpaas.infrastructure.console.CommandManager.run(CommandManager.java:144)
	at com.sap.jpaas.infrastructure.console.ConsoleClient.executeCommand(ConsoleClient.java:238)
	at com.sap.jpaas.infrastructure.console.ConsoleClient.run(ConsoleClient.java:183)
	at com.sap.jpaas.infrastructure.console.ConsoleClient.main(ConsoleClient.java:79)
2017-04-26 11:30:53,753 ERROR [main] com.sap.jpaas.infrastructure.console.version.VersionUtilities: The runtime type [unknown] or version [unknown] are not correct.
java.lang.IllegalArgumentException: invalid version "unknown": non-numeric "unknown"
	at com.sap.core.utils.sdk.status.Version.parseInt(Version.java:95)
	at com.sap.core.utils.sdk.status.Version.<init>(Version.java:71)
	at com.sap.jpaas.infrastructure.console.version.VersionUtilities.parseRuntime(VersionUtilities.java:148)
	at com.sap.jpaas.infrastructure.console.VersionValidityCheckProvider.<init>(VersionValidityCheckProvider.java:41)
	at com.sap.jpaas.infrastructure.console.command.UnsecuredRemoteCommand.blockingOptimizedCheck(UnsecuredRemoteCommand.java:126)
	at com.sap.jpaas.infrastructure.console.command.UnsecuredRemoteCommand.performVersionValidityCheck(UnsecuredRemoteCommand.java:76)
	at com.sap.jpaas.infrastructure.console.command.UnsecuredRemoteCommand.initWithHostOnlyCheck(UnsecuredRemoteCommand.java:69)
	at com.sap.jpaas.infrastructure.console.command.RemoteCommand.initWithNoPasswordCheck(RemoteCommand.java:46)
	at com.sap.core.deploy.client.cmd.commands.DeployConsoleCommand.init(DeployConsoleCommand.java:23)
	at com.sap.core.deploy.client.cmd.commands.DeployRemoteCommand.init(DeployRemoteCommand.java:30)
	at com.sap.core.deploy.client.cmd.commands.DeployApplicationCommand.init(DeployApplicationCommand.java:24)
	at com.sap.jpaas.infrastructure.console.CommandManager.run(CommandManager.java:171)
	at com.sap.jpaas.infrastructure.console.CommandManager.run(CommandManager.java:144)
	at com.sap.jpaas.infrastructure.console.ConsoleClient.executeCommand(ConsoleClient.java:238)
	at com.sap.jpaas.infrastructure.console.ConsoleClient.run(ConsoleClient.java:183)
	at com.sap.jpaas.infrastructure.console.ConsoleClient.main(ConsoleClient.java:79)
Caused by: java.lang.NumberFormatException: For input string: "unknown"
	at java.lang.NumberFormatException.forInputString(NumberFormatException.java:65)
	at java.lang.Integer.parseInt(Integer.java:580)
	at java.lang.Integer.parseInt(Integer.java:615)
	at com.sap.core.utils.sdk.status.Version.parseInt(Version.java:93)
	... 15 more
2017-04-26 11:30:53,756 ERROR [pool-2-thread-1] com.sap.jpaas.infrastructure.console.ConsoleLogger: There was a problem obtaining version or runtime status of your SDK and the status cannot be defined
2017-04-26 11:30:53,757 INFO  [main] com.sap.jpaas.infrastructure.console.ConsoleLogger: Command [deploy] init() finished for [13] ms
2017-04-26 11:31:23,969 INFO  [main] com.sap.core.deploy.client.cmd.helpers.DeployHelper: Deployment started for [s0017140910tria/cockpit/web] with descriptor [Descriptor{attributes={perm_storage_mode=none, perm_storage_local_path=permanent_storage, update_sites=PurchasingPlanCockpit.war, iu_version=0.0.0, perm_storage_size=10, elasticity.data={"minVmCount":1,"maxVmCount":1}, jpaas_services=["all"]}, services=null, containerType=3}]
2017-04-26 11:31:23,978 INFO  [main] com.sap.core.deploy.client.impl.DeployFeedbackHelper: Deploy started
2017-04-26 11:31:23,979 INFO  [main] com.sap.core.deploy.client.impl.DeployerImpl: Starting deployment of application [s0017140910tria/cockpit]
2017-04-26 11:31:24,369 INFO  [main] com.sap.core.deploy.client.publicrest.impl.DeployClient: Deploy with delta option [false]
2017-04-26 11:31:24,372 INFO  [main] com.sap.core.deploy.client.publicrest.impl.BasicClient: NOTE: csrfToken init >> Wed Apr 26 11:31:24 BST 2017
2017-04-26 11:31:25,107 INFO  [main] com.sap.core.deploy.client.publicrest.impl.BasicClient: csrfToken = [1393C7BF3971D43E4792472535691E75]
2017-04-26 11:31:25,263 ERROR [main] com.sap.core.deploy.client.impl.requests.BasicRequest: Exception occured: {"code":"042cd0c8-d040-4569-8fd5-39550e3a0627","description":"Account s0017140910tria does not exist"}
2017-04-26 11:31:25,265 INFO  [main] com.sap.core.deploy.commons.log.StringFormatLoggerWrapper: UpdateApplication request failed with response code 404 and error message [Account s0017140910tria does not exist]. The application s0017140910tria/cockpit may not exist (see NGPBUG-16650). Will re-attempt deployment with CreateApplication request
2017-04-26 11:31:25,331 ERROR [main] com.sap.core.deploy.client.impl.requests.BasicRequest: Exception occured: {"code":"18a3e91a-52f9-4c9d-a159-2affbb14a599","description":"Account s0017140910tria does not exist"}
2017-04-26 11:31:25,332 INFO  [main] com.sap.core.deploy.client.impl.DeployFeedbackHelper: Deploy finished. Success: false
2017-04-26 11:31:25,334 INFO  [main] com.sap.core.deploy.client.impl.DeployerImpl: Deployment operation of application [s0017140910tria/cockpit] finished for [1356] ms
2017-04-26 11:31:25,340 INFO  [main] com.sap.jpaas.infrastructure.console.ConsoleLogger: Command [deploy] cleanup() finished for [2] ms
2017-04-26 11:31:25,345 FATAL [main] com.sap.jpaas.infrastructure.console.ConsoleLogger: (!) ERROR: Account s0017140910tria does not exist

com.sap.jpaas.infrastructure.console.exception.CommandException: Account s0017140910tria does not exist

	at com.sap.core.deploy.client.cmd.util.DeployDumpHelper.produceException(DeployDumpHelper.java:356)
	at com.sap.core.deploy.client.cmd.util.DeployDumpHelper.printAndCheckDeployResult(DeployDumpHelper.java:382)
	at com.sap.core.deploy.client.cmd.helpers.DeployHelper.deployOperation(DeployHelper.java:224)
	at com.sap.core.deploy.client.cmd.helpers.DeployHelper.deploy(DeployHelper.java:183)
	at com.sap.core.deploy.client.cmd.commands.DeployCommand.run(DeployCommand.java:55)
	at com.sap.jpaas.infrastructure.console.CommandManager.run(CommandManager.java:183)
	at com.sap.jpaas.infrastructure.console.CommandManager.run(CommandManager.java:144)
	at com.sap.jpaas.infrastructure.console.ConsoleClient.executeCommand(ConsoleClient.java:238)
	at com.sap.jpaas.infrastructure.console.ConsoleClient.run(ConsoleClient.java:183)
	at com.sap.jpaas.infrastructure.console.ConsoleClient.main(ConsoleClient.java:79)
