2017-04-24 18:48:06,485 INFO  [main] com.sap.jpaas.infrastructure.console.ConsoleLogger: Arguments:   -h hanatrial.ondemand.com -a s0017140910trial -b helloworldpom -u s0017140910 -s pom.xml
2017-04-24 18:48:07,440 INFO  [main] com.sap.jpaas.infrastructure.console.ConsoleLogger: Starting execution of command [deploy]
2017-04-24 18:48:07,517 INFO  [pool-2-thread-1] com.sap.jpaas.infrastructure.console.ConsoleLogger: No SDK status file for your configuration was found. A version validity check will be performed.
2017-04-24 18:48:07,518 INFO  [pool-2-thread-1] com.sap.jpaas.infrastructure.console.ConsoleLogger: Currently running SDK version validity check for user SDK version: 1.125.24.2, landscape: hanatrial.ondemand.com and runtime: neo-java-web
2017-04-24 18:48:08,447 INFO  [main] com.sap.jpaas.infrastructure.console.ConsoleLogger: There is no tools page available on host hanatrial.ondemand.com. The default tools page on host hana.ondemand.com will be used instead.
2017-04-24 18:48:08,449 INFO  [pool-3-thread-1] com.sap.jpaas.infrastructure.console.PropertyFileProvider: Loaded properties file [C:\Users\ANA~1.COS\AppData\Local\Temp\sdkcheck.hana.ondemand.com.neo-java-web.1.125.24.2.tmp]
2017-04-24 18:48:08,451 INFO  [main] com.sap.jpaas.infrastructure.console.ConsoleLogger: Command [deploy] init() finished for [1011] ms
2017-04-24 18:48:08,465 WARN  [main] com.sap.core.deploy.client.utils.DeployClientUtils: File C:\Users\ana.costeira\Downloads\neo-java-web-sdk-1.125.24.2\tools\pom.xml is neither a .war file, nor a bundle, and will be ignored for deployment
2017-04-24 18:48:08,465 INFO  [main] com.sap.jpaas.infrastructure.console.ConsoleLogger: Command [deploy] cleanup() finished for [0] ms
2017-04-24 18:48:08,470 FATAL [main] com.sap.jpaas.infrastructure.console.ConsoleLogger: (!) ERROR: Invalid value of parameter --source; The passed source locations for deployment does not contain any valid files or URIs to deploy
com.sap.jpaas.infrastructure.console.exception.CommandException: Invalid value of parameter --source
	at com.sap.core.deploy.client.cmd.helpers.DeployHelper.deploy(DeployHelper.java:124)
	at com.sap.core.deploy.client.cmd.commands.DeployCommand.run(DeployCommand.java:55)
	at com.sap.jpaas.infrastructure.console.CommandManager.run(CommandManager.java:183)
	at com.sap.jpaas.infrastructure.console.CommandManager.run(CommandManager.java:144)
	at com.sap.jpaas.infrastructure.console.ConsoleClient.executeCommand(ConsoleClient.java:238)
	at com.sap.jpaas.infrastructure.console.ConsoleClient.run(ConsoleClient.java:183)
	at com.sap.jpaas.infrastructure.console.ConsoleClient.main(ConsoleClient.java:79)
Caused by: java.lang.IllegalArgumentException: The passed source locations for deployment does not contain any valid files or URIs to deploy
	at com.sap.core.deploy.client.utils.DeployClientUtils.detectLocalWarFilesAndBundles(DeployClientUtils.java:409)
	at com.sap.core.deploy.client.cmd.helpers.DeployHelper.deploy(DeployHelper.java:119)
	... 6 more
